[2026-04-08T03:35:55.027Z] [INFO] Scheduled task: Full anatomy rescan (0 */6 * * *)
[2026-04-08T03:35:55.028Z] [INFO] Scheduled task: Consolidate old memory (0 2 * * *)
[2026-04-08T03:35:55.028Z] [INFO] Scheduled task: Token audit report (0 0 * * 1)
[2026-04-08T03:35:55.028Z] [INFO] Scheduled task: Cerebrum reflection (0 3 * * 0)
[2026-04-08T03:35:55.028Z] [INFO] Scheduled task: AI suggestions (0 4 * * 1)
[2026-04-08T03:35:55.028Z] [INFO] File watcher started on .wolf/
[2026-04-08T03:35:55.029Z] [INFO] OpenWolf daemon started
[2026-04-08T03:35:55.029Z] [INFO] Dashboard server listening on port 18791
[2026-04-08T03:35:55.121Z] [INFO] Scheduled task: Full anatomy rescan (0 */6 * * *)
[2026-04-08T03:35:55.122Z] [INFO] Scheduled task: Consolidate old memory (0 2 * * *)
[2026-04-08T03:35:55.122Z] [INFO] Scheduled task: Token audit report (0 0 * * 1)
[2026-04-08T03:35:55.122Z] [INFO] Scheduled task: Cerebrum reflection (0 3 * * 0)
[2026-04-08T03:35:55.122Z] [INFO] Scheduled task: AI suggestions (0 4 * * 1)
[2026-04-08T03:35:55.123Z] [INFO] File watcher started on .wolf/
[2026-04-08T03:35:55.123Z] [INFO] OpenWolf daemon started
[2026-04-08T03:35:55.123Z] [INFO] Dashboard server listening on port 18791
[2026-04-08T03:35:55.222Z] [INFO] Scheduled task: Full anatomy rescan (0 */6 * * *)
[2026-04-08T03:35:55.222Z] [INFO] Scheduled task: Consolidate old memory (0 2 * * *)
[2026-04-08T03:35:55.222Z] [INFO] Scheduled task: Token audit report (0 0 * * 1)
[2026-04-08T03:35:55.222Z] [INFO] Scheduled task: Cerebrum reflection (0 3 * * 0)
[2026-04-08T03:35:55.223Z] [INFO] Scheduled task: AI suggestions (0 4 * * 1)
[2026-04-08T03:35:55.223Z] [INFO] File watcher started on .wolf/
[2026-04-08T03:35:55.223Z] [INFO] OpenWolf daemon started
[2026-04-08T03:35:55.223Z] [INFO] Dashboard server listening on port 18791
[2026-04-08T03:35:55.325Z] [INFO] Scheduled task: Full anatomy rescan (0 */6 * * *)
[2026-04-08T03:35:55.325Z] [INFO] Scheduled task: Consolidate old memory (0 2 * * *)
[2026-04-08T03:35:55.325Z] [INFO] Scheduled task: Token audit report (0 0 * * 1)
[2026-04-08T03:35:55.326Z] [INFO] Scheduled task: Cerebrum reflection (0 3 * * 0)
[2026-04-08T03:35:55.326Z] [INFO] Scheduled task: AI suggestions (0 4 * * 1)
[2026-04-08T03:35:55.326Z] [INFO] File watcher started on .wolf/
[2026-04-08T03:35:55.326Z] [INFO] OpenWolf daemon started
[2026-04-08T03:35:55.327Z] [INFO] Dashboard server listening on port 18791
[2026-04-08T03:35:55.425Z] [INFO] Scheduled task: Full anatomy rescan (0 */6 * * *)
[2026-04-08T03:35:55.426Z] [INFO] Scheduled task: Consolidate old memory (0 2 * * *)
[2026-04-08T03:35:55.426Z] [INFO] Scheduled task: Token audit report (0 0 * * 1)
[2026-04-08T03:35:55.426Z] [INFO] Scheduled task: Cerebrum reflection (0 3 * * 0)
[2026-04-08T03:35:55.426Z] [INFO] Scheduled task: AI suggestions (0 4 * * 1)
[2026-04-08T03:35:55.427Z] [INFO] File watcher started on .wolf/
[2026-04-08T03:35:55.427Z] [INFO] OpenWolf daemon started
[2026-04-08T03:35:55.427Z] [INFO] Dashboard server listening on port 18791
[2026-04-08T03:35:55.526Z] [INFO] Scheduled task: Full anatomy rescan (0 */6 * * *)
[2026-04-08T03:35:55.527Z] [INFO] Scheduled task: Consolidate old memory (0 2 * * *)
[2026-04-08T03:35:55.527Z] [INFO] Scheduled task: Token audit report (0 0 * * 1)
[2026-04-08T03:35:55.527Z] [INFO] Scheduled task: Cerebrum reflection (0 3 * * 0)
[2026-04-08T03:35:55.527Z] [INFO] Scheduled task: AI suggestions (0 4 * * 1)
[2026-04-08T03:35:55.528Z] [INFO] File watcher started on .wolf/
[2026-04-08T03:35:55.528Z] [INFO] OpenWolf daemon started
[2026-04-08T03:35:55.528Z] [INFO] Dashboard server listening on port 18791
[2026-04-08T03:35:55.626Z] [INFO] Scheduled task: Full anatomy rescan (0 */6 * * *)
[2026-04-08T03:35:55.626Z] [INFO] Scheduled task: Consolidate old memory (0 2 * * *)
[2026-04-08T03:35:55.626Z] [INFO] Scheduled task: Token audit report (0 0 * * 1)
[2026-04-08T03:35:55.627Z] [INFO] Scheduled task: Cerebrum reflection (0 3 * * 0)
[2026-04-08T03:35:55.627Z] [INFO] Scheduled task: AI suggestions (0 4 * * 1)
[2026-04-08T03:35:55.627Z] [INFO] File watcher started on .wolf/
[2026-04-08T03:35:55.627Z] [INFO] OpenWolf daemon started
[2026-04-08T03:35:55.627Z] [INFO] Dashboard server listening on port 18791
[2026-04-08T03:35:55.725Z] [INFO] Scheduled task: Full anatomy rescan (0 */6 * * *)
[2026-04-08T03:35:55.725Z] [INFO] Scheduled task: Consolidate old memory (0 2 * * *)
[2026-04-08T03:35:55.725Z] [INFO] Scheduled task: Token audit report (0 0 * * 1)
[2026-04-08T03:35:55.726Z] [INFO] Scheduled task: Cerebrum reflection (0 3 * * 0)
[2026-04-08T03:35:55.726Z] [INFO] Scheduled task: AI suggestions (0 4 * * 1)
[2026-04-08T03:35:55.726Z] [INFO] File watcher started on .wolf/
[2026-04-08T03:35:55.726Z] [INFO] OpenWolf daemon started
[2026-04-08T03:35:55.727Z] [INFO] Dashboard server listening on port 18791
[2026-04-08T03:35:55.825Z] [INFO] Scheduled task: Full anatomy rescan (0 */6 * * *)
[2026-04-08T03:35:55.826Z] [INFO] Scheduled task: Consolidate old memory (0 2 * * *)
[2026-04-08T03:35:55.826Z] [INFO] Scheduled task: Token audit report (0 0 * * 1)
[2026-04-08T03:35:55.826Z] [INFO] Scheduled task: Cerebrum reflection (0 3 * * 0)
[2026-04-08T03:35:55.826Z] [INFO] Scheduled task: AI suggestions (0 4 * * 1)
[2026-04-08T03:35:55.826Z] [INFO] File watcher started on .wolf/
[2026-04-08T03:35:55.827Z] [INFO] OpenWolf daemon started
[2026-04-08T03:35:55.827Z] [INFO] Dashboard server listening on port 18791
[2026-04-08T03:35:55.927Z] [INFO] Scheduled task: Full anatomy rescan (0 */6 * * *)
[2026-04-08T03:35:55.927Z] [INFO] Scheduled task: Consolidate old memory (0 2 * * *)
[2026-04-08T03:35:55.927Z] [INFO] Scheduled task: Token audit report (0 0 * * 1)
[2026-04-08T03:35:55.928Z] [INFO] Scheduled task: Cerebrum reflection (0 3 * * 0)
[2026-04-08T03:35:55.928Z] [INFO] Scheduled task: AI suggestions (0 4 * * 1)
[2026-04-08T03:35:55.928Z] [INFO] File watcher started on .wolf/
[2026-04-08T03:35:55.928Z] [INFO] OpenWolf daemon started
[2026-04-08T03:35:55.929Z] [INFO] Dashboard server listening on port 18791
[2026-04-08T03:35:56.026Z] [INFO] Scheduled task: Full anatomy rescan (0 */6 * * *)
[2026-04-08T03:35:56.027Z] [INFO] Scheduled task: Consolidate old memory (0 2 * * *)
[2026-04-08T03:35:56.027Z] [INFO] Scheduled task: Token audit report (0 0 * * 1)
[2026-04-08T03:35:56.027Z] [INFO] Scheduled task: Cerebrum reflection (0 3 * * 0)
[2026-04-08T03:35:56.027Z] [INFO] Scheduled task: AI suggestions (0 4 * * 1)
[2026-04-08T03:35:56.028Z] [INFO] File watcher started on .wolf/
[2026-04-08T03:35:56.028Z] [INFO] OpenWolf daemon started
[2026-04-08T03:35:56.028Z] [INFO] Dashboard server listening on port 18791
[2026-04-08T03:35:56.124Z] [INFO] Scheduled task: Full anatomy rescan (0 */6 * * *)
[2026-04-08T03:35:56.125Z] [INFO] Scheduled task: Consolidate old memory (0 2 * * *)
[2026-04-08T03:35:56.125Z] [INFO] Scheduled task: Token audit report (0 0 * * 1)
[2026-04-08T03:35:56.125Z] [INFO] Scheduled task: Cerebrum reflection (0 3 * * 0)
[2026-04-08T03:35:56.125Z] [INFO] Scheduled task: AI suggestions (0 4 * * 1)
[2026-04-08T03:35:56.126Z] [INFO] File watcher started on .wolf/
[2026-04-08T03:35:56.126Z] [INFO] OpenWolf daemon started
[2026-04-08T03:35:56.126Z] [INFO] Dashboard server listening on port 18791
[2026-04-08T03:35:56.224Z] [INFO] Scheduled task: Full anatomy rescan (0 */6 * * *)
[2026-04-08T03:35:56.225Z] [INFO] Scheduled task: Consolidate old memory (0 2 * * *)
[2026-04-08T03:35:56.225Z] [INFO] Scheduled task: Token audit report (0 0 * * 1)
[2026-04-08T03:35:56.225Z] [INFO] Scheduled task: Cerebrum reflection (0 3 * * 0)
[2026-04-08T03:35:56.225Z] [INFO] Scheduled task: AI suggestions (0 4 * * 1)
[2026-04-08T03:35:56.226Z] [INFO] File watcher started on .wolf/
[2026-04-08T03:35:56.226Z] [INFO] OpenWolf daemon started
[2026-04-08T03:35:56.226Z] [INFO] Dashboard server listening on port 18791
[2026-04-08T03:35:56.325Z] [INFO] Scheduled task: Full anatomy rescan (0 */6 * * *)
[2026-04-08T03:35:56.325Z] [INFO] Scheduled task: Consolidate old memory (0 2 * * *)
[2026-04-08T03:35:56.326Z] [INFO] Scheduled task: Token audit report (0 0 * * 1)
[2026-04-08T03:35:56.326Z] [INFO] Scheduled task: Cerebrum reflection (0 3 * * 0)
[2026-04-08T03:35:56.326Z] [INFO] Scheduled task: AI suggestions (0 4 * * 1)
[2026-04-08T03:35:56.326Z] [INFO] File watcher started on .wolf/
[2026-04-08T03:35:56.326Z] [INFO] OpenWolf daemon started
[2026-04-08T03:35:56.327Z] [INFO] Dashboard server listening on port 18791
[2026-04-08T03:35:56.425Z] [INFO] Scheduled task: Full anatomy rescan (0 */6 * * *)
[2026-04-08T03:35:56.426Z] [INFO] Scheduled task: Consolidate old memory (0 2 * * *)
[2026-04-08T03:35:56.426Z] [INFO] Scheduled task: Token audit report (0 0 * * 1)
[2026-04-08T03:35:56.426Z] [INFO] Scheduled task: Cerebrum reflection (0 3 * * 0)
[2026-04-08T03:35:56.427Z] [INFO] Scheduled task: AI suggestions (0 4 * * 1)
[2026-04-08T03:35:56.427Z] [INFO] File watcher started on .wolf/
[2026-04-08T03:35:56.427Z] [INFO] OpenWolf daemon started
[2026-04-08T03:35:56.427Z] [INFO] Dashboard server listening on port 18791
[2026-04-08T03:35:56.525Z] [INFO] Scheduled task: Full anatomy rescan (0 */6 * * *)
[2026-04-08T03:35:56.525Z] [INFO] Scheduled task: Consolidate old memory (0 2 * * *)
[2026-04-08T03:35:56.526Z] [INFO] Scheduled task: Token audit report (0 0 * * 1)
[2026-04-08T03:35:56.526Z] [INFO] Scheduled task: Cerebrum reflection (0 3 * * 0)
[2026-04-08T03:35:56.526Z] [INFO] Scheduled task: AI suggestions (0 4 * * 1)
[2026-04-08T03:35:56.526Z] [INFO] File watcher started on .wolf/
[2026-04-08T03:35:56.527Z] [INFO] OpenWolf daemon started
[2026-04-08T03:35:56.527Z] [INFO] Dashboard server listening on port 18791
